2024-03-23 17:21:37 [restartedMain] INFO  c.d.S.SpringBootStarterApplication50 - Starting SpringBootStarterApplication using Java 17.0.6 with PID 9780 (D:\PHUOC\Documents\Study\Java_Backend\SpringBootTutorials\SpringBoot_Restful\bin\main started by PHUOC in D:\PHUOC\Documents\Study\Java_Backend\SpringBootTutorials\SpringBoot_Restful)
2024-03-23 17:21:37 [restartedMain] DEBUG c.d.S.SpringBootStarterApplication51 - Running with Spring Boot v3.2.3, Spring v6.1.4
2024-03-23 17:21:37 [restartedMain] INFO  c.d.S.SpringBootStarterApplication654 - No active profile set, falling back to 1 default profile: "default"
2024-03-23 17:21:38 [restartedMain] INFO  o.s.d.r.c.RepositoryConfigurationDelegate139 - Bootstrapping Spring Data JPA repositories in DEFAULT mode.
2024-03-23 17:21:38 [restartedMain] INFO  o.s.d.r.c.RepositoryConfigurationDelegate208 - Finished Spring Data repository scanning in 3 ms. Found 0 JPA repository interfaces.
2024-03-23 17:21:38 [restartedMain] INFO  o.s.b.w.e.tomcat.TomcatWebServer109 - Tomcat initialized with port 8080 (http)
2024-03-23 17:21:38 [restartedMain] INFO  o.a.catalina.core.StandardService173 - Starting service [Tomcat]
2024-03-23 17:21:38 [restartedMain] INFO  o.a.catalina.core.StandardEngine173 - Starting Servlet engine: [Apache Tomcat/10.1.19]
2024-03-23 17:21:38 [restartedMain] INFO  o.a.c.c.C.[Tomcat].[localhost].[/]173 - Initializing Spring embedded WebApplicationContext
2024-03-23 17:21:38 [restartedMain] INFO  o.s.b.w.s.c.ServletWebServerApplicationContext296 - Root WebApplicationContext: initialization completed in 423 ms
2024-03-23 17:21:38 [restartedMain] INFO  com.zaxxer.hikari.HikariDataSource110 - HikariPool-4 - Starting...
2024-03-23 17:21:38 [restartedMain] INFO  com.zaxxer.hikari.pool.HikariPool565 - HikariPool-4 - Added connection conn30: url=jdbc:h2:mem:d1472e30-9059-4301-8d9f-cd054b74f3db user=SA
2024-03-23 17:21:38 [restartedMain] INFO  com.zaxxer.hikari.HikariDataSource123 - HikariPool-4 - Start completed.
2024-03-23 17:21:38 [restartedMain] INFO  o.s.b.a.h.H2ConsoleAutoConfiguration88 - H2 console available at '/h2-console'. Database available at 'jdbc:h2:mem:d1472e30-9059-4301-8d9f-cd054b74f3db'
2024-03-23 17:21:38 [restartedMain] INFO  o.h.jpa.internal.util.LogHelper31 - HHH000204: Processing PersistenceUnitInfo [name: default]
2024-03-23 17:21:38 [restartedMain] INFO  o.h.c.i.RegionFactoryInitiator50 - HHH000026: Second-level cache disabled
2024-03-23 17:21:38 [restartedMain] INFO  o.s.o.j.p.SpringPersistenceUnitInfo87 - No LoadTimeWeaver setup: ignoring JPA class transformer
2024-03-23 17:21:38 [restartedMain] INFO  o.h.e.t.j.p.i.JtaPlatformInitiator58 - HHH000489: No JTA platform available (set 'hibernate.transaction.jta.platform' to enable JTA platform integration)
2024-03-23 17:21:38 [restartedMain] INFO  o.s.o.j.LocalContainerEntityManagerFactoryBean437 - Initialized JPA EntityManagerFactory for persistence unit 'default'
2024-03-23 17:21:38 [restartedMain] WARN  o.s.b.a.o.j.JpaBaseConfiguration$JpaWebConfiguration232 - spring.jpa.open-in-view is enabled by default. Therefore, database queries may be performed during view rendering. Explicitly configure spring.jpa.open-in-view to disable this warning
2024-03-23 17:21:38 [restartedMain] WARN  o.s.b.a.t.ThymeleafAutoConfiguration$DefaultTemplateResolverConfiguration101 - Cannot find template location: classpath:/templates/ (please add some templates, check your Thymeleaf configuration, or set spring.thymeleaf.check-template-location=false)
2024-03-23 17:21:38 [restartedMain] INFO  o.s.b.d.a.OptionalLiveReloadServer59 - LiveReload server is running on port 35729
2024-03-23 17:21:38 [restartedMain] INFO  o.s.b.w.e.tomcat.TomcatWebServer241 - Tomcat started on port 8080 (http) with context path ''
2024-03-23 17:21:38 [restartedMain] INFO  c.d.S.SpringBootStarterApplication56 - Started SpringBootStarterApplication in 0.852 seconds (process running for 51.155)
2024-03-23 17:21:38 [restartedMain] INFO  o.s.b.d.a.ConditionEvaluationDeltaLoggingListener63 - Condition evaluation unchanged
2024-03-23 17:22:11 [File Watcher] INFO  o.s.b.d.a.LocalDevToolsAutoConfiguration$RestartingClassPathChangeChangedEventListener211 - Restarting due to 1 class path change (0 additions, 0 deletions, 1 modification)
2024-03-23 17:22:11 [Thread-16] INFO  o.s.o.j.LocalContainerEntityManagerFactoryBean650 - Closing JPA EntityManagerFactory for persistence unit 'default'
2024-03-23 17:22:11 [Thread-16] WARN  o.s.b.f.s.DisposableBeanAdapter221 - Invocation of destroy method failed on bean with name 'inMemoryDatabaseShutdownExecutor': org.h2.jdbc.JdbcSQLNonTransientConnectionException: Database is already closed (to disable automatic closing at VM shutdown, add ";DB_CLOSE_ON_EXIT=FALSE" to the db URL) [90121-224]
2024-03-23 17:22:11 [Thread-16] INFO  com.zaxxer.hikari.HikariDataSource350 - HikariPool-4 - Shutdown initiated...
2024-03-23 17:22:11 [Thread-16] INFO  com.zaxxer.hikari.HikariDataSource352 - HikariPool-4 - Shutdown completed.
2024-03-23 17:22:11 [restartedMain] INFO  c.d.S.SpringBootStarterApplication50 - Starting SpringBootStarterApplication using Java 17.0.6 with PID 9780 (D:\PHUOC\Documents\Study\Java_Backend\SpringBootTutorials\SpringBoot_Restful\bin\main started by PHUOC in D:\PHUOC\Documents\Study\Java_Backend\SpringBootTutorials\SpringBoot_Restful)
2024-03-23 17:22:11 [restartedMain] DEBUG c.d.S.SpringBootStarterApplication51 - Running with Spring Boot v3.2.3, Spring v6.1.4
2024-03-23 17:22:11 [restartedMain] INFO  c.d.S.SpringBootStarterApplication654 - No active profile set, falling back to 1 default profile: "default"
2024-03-23 17:22:11 [restartedMain] INFO  o.s.d.r.c.RepositoryConfigurationDelegate139 - Bootstrapping Spring Data JPA repositories in DEFAULT mode.
2024-03-23 17:22:11 [restartedMain] INFO  o.s.d.r.c.RepositoryConfigurationDelegate208 - Finished Spring Data repository scanning in 3 ms. Found 0 JPA repository interfaces.
2024-03-23 17:22:11 [restartedMain] INFO  o.s.b.w.e.tomcat.TomcatWebServer109 - Tomcat initialized with port 8080 (http)
2024-03-23 17:22:11 [restartedMain] INFO  o.a.catalina.core.StandardService173 - Starting service [Tomcat]
2024-03-23 17:22:11 [restartedMain] INFO  o.a.catalina.core.StandardEngine173 - Starting Servlet engine: [Apache Tomcat/10.1.19]
2024-03-23 17:22:11 [restartedMain] INFO  o.a.c.c.C.[Tomcat].[localhost].[/]173 - Initializing Spring embedded WebApplicationContext
2024-03-23 17:22:11 [restartedMain] INFO  o.s.b.w.s.c.ServletWebServerApplicationContext296 - Root WebApplicationContext: initialization completed in 416 ms
2024-03-23 17:22:11 [restartedMain] INFO  com.zaxxer.hikari.HikariDataSource110 - HikariPool-5 - Starting...
2024-03-23 17:22:11 [restartedMain] INFO  com.zaxxer.hikari.pool.HikariPool565 - HikariPool-5 - Added connection conn40: url=jdbc:h2:mem:fdbf0d12-d9ae-468b-9dcc-fa0ec92d6e9c user=SA
2024-03-23 17:22:12 [restartedMain] INFO  com.zaxxer.hikari.HikariDataSource123 - HikariPool-5 - Start completed.
2024-03-23 17:22:12 [restartedMain] INFO  o.s.b.a.h.H2ConsoleAutoConfiguration88 - H2 console available at '/h2-console'. Database available at 'jdbc:h2:mem:fdbf0d12-d9ae-468b-9dcc-fa0ec92d6e9c'
2024-03-23 17:22:12 [restartedMain] INFO  o.h.jpa.internal.util.LogHelper31 - HHH000204: Processing PersistenceUnitInfo [name: default]
2024-03-23 17:22:12 [restartedMain] INFO  o.h.c.i.RegionFactoryInitiator50 - HHH000026: Second-level cache disabled
2024-03-23 17:22:12 [restartedMain] INFO  o.s.o.j.p.SpringPersistenceUnitInfo87 - No LoadTimeWeaver setup: ignoring JPA class transformer
2024-03-23 17:22:12 [restartedMain] INFO  o.h.e.t.j.p.i.JtaPlatformInitiator58 - HHH000489: No JTA platform available (set 'hibernate.transaction.jta.platform' to enable JTA platform integration)
2024-03-23 17:22:12 [restartedMain] INFO  o.s.o.j.LocalContainerEntityManagerFactoryBean437 - Initialized JPA EntityManagerFactory for persistence unit 'default'
2024-03-23 17:22:12 [restartedMain] WARN  o.s.b.a.o.j.JpaBaseConfiguration$JpaWebConfiguration232 - spring.jpa.open-in-view is enabled by default. Therefore, database queries may be performed during view rendering. Explicitly configure spring.jpa.open-in-view to disable this warning
2024-03-23 17:22:12 [restartedMain] WARN  o.s.b.a.t.ThymeleafAutoConfiguration$DefaultTemplateResolverConfiguration101 - Cannot find template location: classpath:/templates/ (please add some templates, check your Thymeleaf configuration, or set spring.thymeleaf.check-template-location=false)
2024-03-23 17:22:12 [restartedMain] INFO  o.s.b.d.a.OptionalLiveReloadServer59 - LiveReload server is running on port 35729
2024-03-23 17:22:12 [restartedMain] INFO  o.s.b.w.e.tomcat.TomcatWebServer241 - Tomcat started on port 8080 (http) with context path ''
2024-03-23 17:22:12 [restartedMain] INFO  c.d.S.SpringBootStarterApplication56 - Started SpringBootStarterApplication in 0.729 seconds (process running for 84.804)
2024-03-23 17:22:12 [restartedMain] INFO  o.s.b.d.a.ConditionEvaluationDeltaLoggingListener63 - Condition evaluation unchanged
2024-03-23 17:22:31 [http-nio-8080-exec-1] INFO  o.a.c.c.C.[Tomcat].[localhost].[/]173 - Initializing Spring DispatcherServlet 'dispatcherServlet'
2024-03-23 17:22:31 [http-nio-8080-exec-1] INFO  o.s.web.servlet.DispatcherServlet532 - Initializing Servlet 'dispatcherServlet'
2024-03-23 17:22:31 [http-nio-8080-exec-1] INFO  o.s.web.servlet.DispatcherServlet554 - Completed initialization in 0 ms
2024-03-23 17:22:31 [http-nio-8080-exec-1] DEBUG c.d.S.controller.HomeRestController19 - A DEBUG Message
2024-03-23 17:22:31 [http-nio-8080-exec-1] INFO  c.d.S.controller.HomeRestController20 - An INFO Message
2024-03-23 17:22:31 [http-nio-8080-exec-1] WARN  c.d.S.controller.HomeRestController21 - A WARN Message
2024-03-23 17:22:31 [http-nio-8080-exec-1] ERROR c.d.S.controller.HomeRestController22 - An ERROR Message
2024-03-23 19:28:03 [File Watcher] INFO  o.s.b.d.a.LocalDevToolsAutoConfiguration$RestartingClassPathChangeChangedEventListener211 - Restarting due to 2 class path changes (2 additions, 0 deletions, 0 modifications)
2024-03-23 19:28:04 [Thread-20] INFO  o.s.o.j.LocalContainerEntityManagerFactoryBean650 - Closing JPA EntityManagerFactory for persistence unit 'default'
2024-03-23 19:28:04 [Thread-20] WARN  o.s.b.f.s.DisposableBeanAdapter221 - Invocation of destroy method failed on bean with name 'inMemoryDatabaseShutdownExecutor': org.h2.jdbc.JdbcSQLNonTransientConnectionException: Database is already closed (to disable automatic closing at VM shutdown, add ";DB_CLOSE_ON_EXIT=FALSE" to the db URL) [90121-224]
2024-03-23 19:28:04 [Thread-20] INFO  com.zaxxer.hikari.HikariDataSource350 - HikariPool-5 - Shutdown initiated...
2024-03-23 19:28:04 [Thread-20] INFO  com.zaxxer.hikari.HikariDataSource352 - HikariPool-5 - Shutdown completed.
